        -:    0:Source:ratp.c
        -:    0:Graph:ratp.gcno
        -:    0:Data:ratp.gcda
        -:    0:Runs:3
        -:    1:static const float Price = 1.2;
function computePrice called 12 returned 100% blocks executed 100%
       12:    2:float computePrice(int age, int tourist)
        -:    3:{
       12:    4:    if (age>12)
branch  0 taken 50% (fallthrough)
branch  1 taken 50%
        -:    5:    {
        6:    6:        if (tourist)
branch  0 taken 50% (fallthrough)
branch  1 taken 50%
        3:    7:            return Price*2;
        3:    8:        return Price;
        -:    9:    }
        -:   10:    else 
        -:   11:    {
        6:   12:        if (tourist)
branch  0 taken 50% (fallthrough)
branch  1 taken 50%
        3:   13:            return Price;
        3:   14:        return Price/2;
        -:   15:    }
        -:   16:}
